<?xml version="1.0" encoding="UTF-8"?>
<!-- Generated by org.testng.reporters.JUnitXMLReporter -->
<testsuite ignored="0" hostname="Ravis-MacBook-Air.local" failures="1" tests="1" name="OpenCartTest" time="20.218" errors="0" timestamp="2023-02-06T23:51:46 IST">
  <testcase classname="testCases.TC_002_LoginTest" name="testLogin" time="15.662">
    <failure type="java.lang.AssertionError" message="expected [true] but found [false]">
      <![CDATA[java.lang.AssertionError: expected [true] but found [false]
at testCases.TC_002_LoginTest.testLogin(TC_002_LoginTest.java:35)
at java.base/java.util.ArrayList.forEach(ArrayList.java:1541)
... Removed 38 stack frames]]>
    </failure>
  </testcase> <!-- testLogin -->
</testsuite> <!-- OpenCartTest -->
