<?xml version="1.0" encoding="UTF-8"?>
<!-- Generated by org.testng.reporters.JUnitXMLReporter -->
<testsuite ignored="0" hostname="Ravis-Air" failures="1" tests="1" name=" chrome Test" time="94.523" errors="0" timestamp="2023-01-27T18:21:31 IST">
  <testcase classname="testCases.TC_001_AccountRegistrationTest" name="test_account_registration" time="10.647">
    <failure type="java.lang.AssertionError">
      <![CDATA[java.lang.AssertionError: 
at testCases.TC_001_AccountRegistrationTest.test_account_registration(TC_001_AccountRegistrationTest.java:55)
at java.base/java.util.ArrayList.forEach(ArrayList.java:1511)
... Removed 29 stack frames]]>
    </failure>
  </testcase> <!-- test_account_registration -->
</testsuite> <!--  chrome Test -->
