<?xml version="1.0" encoding="UTF-8"?>
<!-- Generated by org.testng.reporters.JUnitXMLReporter -->
<testsuite ignored="0" hostname="Ravis-MacBook-Air.local" failures="1" tests="1" name="OpenCartTest" time="22.984" errors="0" timestamp="2023-02-02T22:10:19 IST">
  <testcase classname="testCases.TC_002_LoginTest" name="testLogin" time="11.37">
    <failure type="java.lang.AssertionError" message="null">
      <![CDATA[java.lang.AssertionError: null
at testCases.TC_002_LoginTest.testLogin(TC_002_LoginTest.java:39)
at java.base/java.util.ArrayList.forEach(ArrayList.java:1511)
... Removed 29 stack frames]]>
    </failure>
  </testcase> <!-- testLogin -->
</testsuite> <!-- OpenCartTest -->
